<?xml version="1.0" encoding="UTF-8"?>
<testsuite name="challenge.SubmitTest" tests="6" skipped="0" failures="0" errors="0" timestamp="2020-03-08T23:55:08" hostname="iagoprior-desktop" time="8.563">
  <properties/>
  <testcase name="q1" classname="challenge.SubmitTest" time="1.506"/>
  <testcase name="q2" classname="challenge.SubmitTest" time="2.053"/>
  <testcase name="q3" classname="challenge.SubmitTest" time="1.223"/>
  <testcase name="q4" classname="challenge.SubmitTest" time="1.291"/>
  <testcase name="q5" classname="challenge.SubmitTest" time="1.236"/>
  <testcase name="q6" classname="challenge.SubmitTest" time="1.253"/>
  <system-out><![CDATA[]]></system-out>
  <system-err><![CDATA[]]></system-err>
</testsuite>
